2026-01-30 15:40:28 - dsld_cleaner - INFO - ============================================================
2026-01-30 15:40:28 - dsld_cleaner - INFO - DSLD Data Cleaning Pipeline Starting
2026-01-30 15:40:28 - dsld_cleaner - INFO - ============================================================
2026-01-30 15:40:28 - dsld_cleaner - INFO - Started at: 2026-01-30 15:40:28
2026-01-30 15:40:28 - dsld_cleaner - INFO - Validating configuration...
2026-01-30 15:40:28 - dsld_cleaner - INFO - Configuration validation passed
2026-01-30 15:40:29 - dsld_cleaner - INFO - ============================================================
2026-01-30 15:40:29 - dsld_cleaner - INFO - PROCESSING COMPLETE
2026-01-30 15:40:29 - dsld_cleaner - INFO - ============================================================
2026-01-30 15:40:29 - dsld_cleaner - INFO - Ended at: 2026-01-30 15:40:29
2026-01-30 15:40:29 - dsld_cleaner - INFO - Total duration: 0:00:00.933116
2026-01-30 15:40:29 - dsld_cleaner - INFO - Files processed: 5
2026-01-30 15:40:29 - dsld_cleaner - INFO - Success rate: 80.0%
2026-01-30 15:40:29 - dsld_cleaner - INFO - 
2026-01-30 15:40:29 - dsld_cleaner - INFO - Results:
2026-01-30 15:40:29 - dsld_cleaner - INFO -   - Cleaned: 4
2026-01-30 15:40:29 - dsld_cleaner - INFO -   - Needs review: 1
2026-01-30 15:40:29 - dsld_cleaner - INFO -   - Incomplete: 0
2026-01-30 15:40:29 - dsld_cleaner - INFO -   - Errors: 0
2026-01-30 15:40:29 - dsld_cleaner - INFO -   - Unmapped ingredients: 5
2026-01-30 15:40:29 - dsld_cleaner - INFO - 
2026-01-30 15:40:29 - dsld_cleaner - INFO - Output files saved to:
2026-01-30 15:40:29 - dsld_cleaner - INFO -   - Cleaned products: output_brandedtest/cleaned
2026-01-30 15:40:29 - dsld_cleaner - INFO -   - Needs review: output_brandedtest/needs_review
2026-01-30 15:40:29 - dsld_cleaner - INFO -   - Incomplete: output_brandedtest/incomplete
2026-01-30 15:40:29 - dsld_cleaner - INFO -   - Unmapped ingredients: output_brandedtest/unmapped
2026-01-30 15:40:29 - dsld_cleaner - INFO -   - Processing report: output_brandedtest/reports
