2026-01-08 23:00:56 - dsld_cleaner - INFO - ============================================================
2026-01-08 23:00:56 - dsld_cleaner - INFO - DSLD Data Cleaning Pipeline Starting
2026-01-08 23:00:56 - dsld_cleaner - INFO - ============================================================
2026-01-08 23:00:56 - dsld_cleaner - INFO - Started at: 2026-01-08 23:00:56
2026-01-08 23:00:56 - dsld_cleaner - INFO - Validating configuration...
2026-01-08 23:00:56 - dsld_cleaner - INFO - Configuration validation passed
2026-01-08 23:01:12 - dsld_cleaner - INFO - ============================================================
2026-01-08 23:01:12 - dsld_cleaner - INFO - PROCESSING COMPLETE
2026-01-08 23:01:12 - dsld_cleaner - INFO - ============================================================
2026-01-08 23:01:12 - dsld_cleaner - INFO - Ended at: 2026-01-08 23:01:12
2026-01-08 23:01:12 - dsld_cleaner - INFO - Total duration: 0:00:16.236177
2026-01-08 23:01:12 - dsld_cleaner - INFO - Files processed: 978
2026-01-08 23:01:12 - dsld_cleaner - INFO - Success rate: 100.0%
2026-01-08 23:01:12 - dsld_cleaner - INFO - 
2026-01-08 23:01:12 - dsld_cleaner - INFO - Results:
2026-01-08 23:01:12 - dsld_cleaner - INFO -   - Cleaned: 978
2026-01-08 23:01:12 - dsld_cleaner - INFO -   - Needs review: 0
2026-01-08 23:01:12 - dsld_cleaner - INFO -   - Incomplete: 0
2026-01-08 23:01:12 - dsld_cleaner - INFO -   - Errors: 0
2026-01-08 23:01:12 - dsld_cleaner - INFO -   - Unmapped ingredients: 4
2026-01-08 23:01:12 - dsld_cleaner - INFO - 
2026-01-08 23:01:12 - dsld_cleaner - INFO - Output files saved to:
2026-01-08 23:01:12 - dsld_cleaner - INFO -   - Cleaned products: output_Lozenges/cleaned
2026-01-08 23:01:12 - dsld_cleaner - INFO -   - Needs review: output_Lozenges/needs_review
2026-01-08 23:01:12 - dsld_cleaner - INFO -   - Incomplete: output_Lozenges/incomplete
2026-01-08 23:01:12 - dsld_cleaner - INFO -   - Unmapped ingredients: output_Lozenges/unmapped
2026-01-08 23:01:12 - dsld_cleaner - INFO -   - Processing report: output_Lozenges/reports
