2026-02-18 02:02:09 - dsld_cleaner - INFO - ============================================================
2026-02-18 02:02:09 - dsld_cleaner - INFO - DSLD Data Cleaning Pipeline Starting
2026-02-18 02:02:09 - dsld_cleaner - INFO - ============================================================
2026-02-18 02:02:09 - dsld_cleaner - INFO - Started at: 2026-02-18 02:02:09
2026-02-18 02:02:09 - dsld_cleaner - INFO - Validating configuration...
2026-02-18 02:02:09 - dsld_cleaner - INFO - Configuration validation passed
2026-02-18 02:03:17 - dsld_cleaner - INFO - ============================================================
2026-02-18 02:03:17 - dsld_cleaner - INFO - PROCESSING COMPLETE
2026-02-18 02:03:17 - dsld_cleaner - INFO - ============================================================
2026-02-18 02:03:17 - dsld_cleaner - INFO - Ended at: 2026-02-18 02:03:17
2026-02-18 02:03:17 - dsld_cleaner - INFO - Total duration: 0:01:07.262701
2026-02-18 02:03:17 - dsld_cleaner - INFO - Files processed: 1715
2026-02-18 02:03:17 - dsld_cleaner - INFO - Success rate: 100.0%
2026-02-18 02:03:17 - dsld_cleaner - INFO - 
2026-02-18 02:03:17 - dsld_cleaner - INFO - Results:
2026-02-18 02:03:17 - dsld_cleaner - INFO -   - Cleaned: 1715
2026-02-18 02:03:17 - dsld_cleaner - INFO -   - Needs review: 0
2026-02-18 02:03:17 - dsld_cleaner - INFO -   - Incomplete: 0
2026-02-18 02:03:17 - dsld_cleaner - INFO -   - Errors: 0
2026-02-18 02:03:17 - dsld_cleaner - INFO -   - Unmapped ingredients: 0
2026-02-18 02:03:17 - dsld_cleaner - INFO - 
2026-02-18 02:03:17 - dsld_cleaner - INFO - Output files saved to:
2026-02-18 02:03:17 - dsld_cleaner - INFO -   - Cleaned products: output_Thorne/cleaned
2026-02-18 02:03:17 - dsld_cleaner - INFO -   - Needs review: output_Thorne/needs_review
2026-02-18 02:03:17 - dsld_cleaner - INFO -   - Incomplete: output_Thorne/incomplete
2026-02-18 02:03:17 - dsld_cleaner - INFO -   - Unmapped ingredients: output_Thorne/unmapped
2026-02-18 02:03:17 - dsld_cleaner - INFO -   - Processing report: output_Thorne/reports
