2026-02-14 16:44:25 - dsld_cleaner - INFO - ============================================================
2026-02-14 16:44:25 - dsld_cleaner - INFO - DSLD Data Cleaning Pipeline Starting
2026-02-14 16:44:25 - dsld_cleaner - INFO - ============================================================
2026-02-14 16:44:25 - dsld_cleaner - INFO - Started at: 2026-02-14 16:44:25
2026-02-14 16:44:25 - dsld_cleaner - INFO - Validating configuration...
2026-02-14 16:44:25 - dsld_cleaner - INFO - Configuration validation passed
2026-02-14 16:45:23 - dsld_cleaner - INFO - ============================================================
2026-02-14 16:45:23 - dsld_cleaner - INFO - PROCESSING COMPLETE
2026-02-14 16:45:23 - dsld_cleaner - INFO - ============================================================
2026-02-14 16:45:23 - dsld_cleaner - INFO - Ended at: 2026-02-14 16:45:23
2026-02-14 16:45:23 - dsld_cleaner - INFO - Total duration: 0:00:57.827094
2026-02-14 16:45:23 - dsld_cleaner - INFO - Files processed: 4586
2026-02-14 16:45:23 - dsld_cleaner - INFO - Success rate: 100.0%
2026-02-14 16:45:23 - dsld_cleaner - INFO - 
2026-02-14 16:45:23 - dsld_cleaner - INFO - Results:
2026-02-14 16:45:23 - dsld_cleaner - INFO -   - Cleaned: 4586
2026-02-14 16:45:23 - dsld_cleaner - INFO -   - Needs review: 0
2026-02-14 16:45:23 - dsld_cleaner - INFO -   - Incomplete: 0
2026-02-14 16:45:23 - dsld_cleaner - INFO -   - Errors: 0
2026-02-14 16:45:23 - dsld_cleaner - INFO -   - Unmapped ingredients: 12
2026-02-14 16:45:23 - dsld_cleaner - INFO - 
2026-02-14 16:45:23 - dsld_cleaner - INFO - Output files saved to:
2026-02-14 16:45:23 - dsld_cleaner - INFO -   - Cleaned products: output_Gummies_v30/cleaned
2026-02-14 16:45:23 - dsld_cleaner - INFO -   - Needs review: output_Gummies_v30/needs_review
2026-02-14 16:45:23 - dsld_cleaner - INFO -   - Incomplete: output_Gummies_v30/incomplete
2026-02-14 16:45:23 - dsld_cleaner - INFO -   - Unmapped ingredients: output_Gummies_v30/unmapped
2026-02-14 16:45:23 - dsld_cleaner - INFO -   - Processing report: output_Gummies_v30/reports
