2026-02-18 13:37:17 - dsld_cleaner - INFO - ============================================================
2026-02-18 13:37:17 - dsld_cleaner - INFO - DSLD Data Cleaning Pipeline Starting
2026-02-18 13:37:17 - dsld_cleaner - INFO - ============================================================
2026-02-18 13:37:17 - dsld_cleaner - INFO - Started at: 2026-02-18 13:37:17
2026-02-18 13:37:17 - dsld_cleaner - INFO - Validating configuration...
2026-02-18 13:37:17 - dsld_cleaner - INFO - Configuration validation passed
2026-02-18 13:37:19 - dsld_cleaner - INFO - ============================================================
2026-02-18 13:37:19 - dsld_cleaner - INFO - PROCESSING COMPLETE
2026-02-18 13:37:19 - dsld_cleaner - INFO - ============================================================
2026-02-18 13:37:19 - dsld_cleaner - INFO - Ended at: 2026-02-18 13:37:19
2026-02-18 13:37:19 - dsld_cleaner - INFO - Total duration: 0:00:02.104229
2026-02-18 13:37:19 - dsld_cleaner - INFO - Files processed: 12
2026-02-18 13:37:19 - dsld_cleaner - INFO - Success rate: 100.0%
2026-02-18 13:37:19 - dsld_cleaner - INFO - 
2026-02-18 13:37:19 - dsld_cleaner - INFO - Results:
2026-02-18 13:37:19 - dsld_cleaner - INFO -   - Cleaned: 12
2026-02-18 13:37:19 - dsld_cleaner - INFO -   - Needs review: 0
2026-02-18 13:37:19 - dsld_cleaner - INFO -   - Incomplete: 0
2026-02-18 13:37:19 - dsld_cleaner - INFO -   - Errors: 0
2026-02-18 13:37:19 - dsld_cleaner - INFO -   - Unmapped ingredients: 2
2026-02-18 13:37:19 - dsld_cleaner - INFO - 
2026-02-18 13:37:19 - dsld_cleaner - INFO - Output files saved to:
2026-02-18 13:37:19 - dsld_cleaner - INFO -   - Cleaned products: output_Care_of/cleaned
2026-02-18 13:37:19 - dsld_cleaner - INFO -   - Needs review: output_Care_of/needs_review
2026-02-18 13:37:19 - dsld_cleaner - INFO -   - Incomplete: output_Care_of/incomplete
2026-02-18 13:37:19 - dsld_cleaner - INFO -   - Unmapped ingredients: output_Care_of/unmapped
2026-02-18 13:37:19 - dsld_cleaner - INFO -   - Processing report: output_Care_of/reports
