2026-02-18 02:02:15 - dsld_cleaner - INFO - ============================================================
2026-02-18 02:02:15 - dsld_cleaner - INFO - DSLD Data Cleaning Pipeline Starting
2026-02-18 02:02:15 - dsld_cleaner - INFO - ============================================================
2026-02-18 02:02:15 - dsld_cleaner - INFO - Started at: 2026-02-18 02:02:15
2026-02-18 02:02:15 - dsld_cleaner - INFO - Validating configuration...
2026-02-18 02:02:15 - dsld_cleaner - INFO - Configuration validation passed
2026-02-18 02:02:25 - dsld_cleaner - INFO - ============================================================
2026-02-18 02:02:25 - dsld_cleaner - INFO - PROCESSING COMPLETE
2026-02-18 02:02:25 - dsld_cleaner - INFO - ============================================================
2026-02-18 02:02:25 - dsld_cleaner - INFO - Ended at: 2026-02-18 02:02:25
2026-02-18 02:02:25 - dsld_cleaner - INFO - Total duration: 0:00:10.660121
2026-02-18 02:02:25 - dsld_cleaner - INFO - Files processed: 510
2026-02-18 02:02:25 - dsld_cleaner - INFO - Success rate: 100.0%
2026-02-18 02:02:25 - dsld_cleaner - INFO - 
2026-02-18 02:02:25 - dsld_cleaner - INFO - Results:
2026-02-18 02:02:25 - dsld_cleaner - INFO -   - Cleaned: 510
2026-02-18 02:02:25 - dsld_cleaner - INFO -   - Needs review: 0
2026-02-18 02:02:25 - dsld_cleaner - INFO -   - Incomplete: 0
2026-02-18 02:02:25 - dsld_cleaner - INFO -   - Errors: 0
2026-02-18 02:02:25 - dsld_cleaner - INFO -   - Unmapped ingredients: 0
2026-02-18 02:02:25 - dsld_cleaner - INFO - 
2026-02-18 02:02:25 - dsld_cleaner - INFO - Output files saved to:
2026-02-18 02:02:25 - dsld_cleaner - INFO -   - Cleaned products: output_Nordic-Naturals/cleaned
2026-02-18 02:02:25 - dsld_cleaner - INFO -   - Needs review: output_Nordic-Naturals/needs_review
2026-02-18 02:02:25 - dsld_cleaner - INFO -   - Incomplete: output_Nordic-Naturals/incomplete
2026-02-18 02:02:25 - dsld_cleaner - INFO -   - Unmapped ingredients: output_Nordic-Naturals/unmapped
2026-02-18 02:02:25 - dsld_cleaner - INFO -   - Processing report: output_Nordic-Naturals/reports
