2026-02-18 13:39:44 - dsld_cleaner - INFO - ============================================================
2026-02-18 13:39:44 - dsld_cleaner - INFO - DSLD Data Cleaning Pipeline Starting
2026-02-18 13:39:44 - dsld_cleaner - INFO - ============================================================
2026-02-18 13:39:44 - dsld_cleaner - INFO - Started at: 2026-02-18 13:39:44
2026-02-18 13:39:44 - dsld_cleaner - INFO - Validating configuration...
2026-02-18 13:39:44 - dsld_cleaner - INFO - Configuration validation passed
2026-02-18 13:39:51 - dsld_cleaner - INFO - ============================================================
2026-02-18 13:39:51 - dsld_cleaner - INFO - PROCESSING COMPLETE
2026-02-18 13:39:51 - dsld_cleaner - INFO - ============================================================
2026-02-18 13:39:51 - dsld_cleaner - INFO - Ended at: 2026-02-18 13:39:51
2026-02-18 13:39:51 - dsld_cleaner - INFO - Total duration: 0:00:06.770690
2026-02-18 13:39:51 - dsld_cleaner - INFO - Files processed: 67
2026-02-18 13:39:51 - dsld_cleaner - INFO - Success rate: 100.0%
2026-02-18 13:39:51 - dsld_cleaner - INFO - 
2026-02-18 13:39:51 - dsld_cleaner - INFO - Results:
2026-02-18 13:39:51 - dsld_cleaner - INFO -   - Cleaned: 67
2026-02-18 13:39:51 - dsld_cleaner - INFO -   - Needs review: 0
2026-02-18 13:39:51 - dsld_cleaner - INFO -   - Incomplete: 0
2026-02-18 13:39:51 - dsld_cleaner - INFO -   - Errors: 0
2026-02-18 13:39:51 - dsld_cleaner - INFO -   - Unmapped ingredients: 22
2026-02-18 13:39:51 - dsld_cleaner - INFO - 
2026-02-18 13:39:51 - dsld_cleaner - INFO - Output files saved to:
2026-02-18 13:39:51 - dsld_cleaner - INFO -   - Cleaned products: output_Kirkland/cleaned
2026-02-18 13:39:51 - dsld_cleaner - INFO -   - Needs review: output_Kirkland/needs_review
2026-02-18 13:39:51 - dsld_cleaner - INFO -   - Incomplete: output_Kirkland/incomplete
2026-02-18 13:39:51 - dsld_cleaner - INFO -   - Unmapped ingredients: output_Kirkland/unmapped
2026-02-18 13:39:51 - dsld_cleaner - INFO -   - Processing report: output_Kirkland/reports
