2026-02-16 23:19:12 - dsld_cleaner - INFO - ============================================================
2026-02-16 23:19:12 - dsld_cleaner - INFO - DSLD Data Cleaning Pipeline Starting
2026-02-16 23:19:12 - dsld_cleaner - INFO - ============================================================
2026-02-16 23:19:12 - dsld_cleaner - INFO - Started at: 2026-02-16 23:19:12
2026-02-16 23:19:12 - dsld_cleaner - INFO - Validating configuration...
2026-02-16 23:19:12 - dsld_cleaner - INFO - Configuration validation passed
2026-02-16 23:19:13 - dsld_cleaner - INFO - ============================================================
2026-02-16 23:19:13 - dsld_cleaner - INFO - PROCESSING COMPLETE
2026-02-16 23:19:13 - dsld_cleaner - INFO - ============================================================
2026-02-16 23:19:13 - dsld_cleaner - INFO - Ended at: 2026-02-16 23:19:13
2026-02-16 23:19:13 - dsld_cleaner - INFO - Total duration: 0:00:00.521644
2026-02-16 23:19:13 - dsld_cleaner - INFO - Files processed: 50
2026-02-16 23:19:13 - dsld_cleaner - INFO - Success rate: 0.0%
2026-02-16 23:19:13 - dsld_cleaner - INFO - 
2026-02-16 23:19:13 - dsld_cleaner - INFO - Results:
2026-02-16 23:19:13 - dsld_cleaner - INFO -   - Cleaned: 0
2026-02-16 23:19:13 - dsld_cleaner - INFO -   - Needs review: 0
2026-02-16 23:19:13 - dsld_cleaner - INFO -   - Incomplete: 50
2026-02-16 23:19:13 - dsld_cleaner - INFO -   - Errors: 0
2026-02-16 23:19:13 - dsld_cleaner - INFO -   - Unmapped ingredients: 0
2026-02-16 23:19:13 - dsld_cleaner - INFO - 
2026-02-16 23:19:13 - dsld_cleaner - INFO - Output files saved to:
2026-02-16 23:19:13 - dsld_cleaner - INFO -   - Cleaned products: tmp_audit_live_stage1b/cleaned
2026-02-16 23:19:13 - dsld_cleaner - INFO -   - Needs review: tmp_audit_live_stage1b/needs_review
2026-02-16 23:19:13 - dsld_cleaner - INFO -   - Incomplete: tmp_audit_live_stage1b/incomplete
2026-02-16 23:19:13 - dsld_cleaner - INFO -   - Unmapped ingredients: tmp_audit_live_stage1b/unmapped
2026-02-16 23:19:13 - dsld_cleaner - INFO -   - Processing report: tmp_audit_live_stage1b/reports
