2026-02-18 13:38:43 - dsld_cleaner - INFO - ============================================================
2026-02-18 13:38:43 - dsld_cleaner - INFO - DSLD Data Cleaning Pipeline Starting
2026-02-18 13:38:43 - dsld_cleaner - INFO - ============================================================
2026-02-18 13:38:43 - dsld_cleaner - INFO - Started at: 2026-02-18 13:38:43
2026-02-18 13:38:43 - dsld_cleaner - INFO - Validating configuration...
2026-02-18 13:38:43 - dsld_cleaner - INFO - Configuration validation passed
2026-02-18 13:38:49 - dsld_cleaner - INFO - ============================================================
2026-02-18 13:38:49 - dsld_cleaner - INFO - PROCESSING COMPLETE
2026-02-18 13:38:49 - dsld_cleaner - INFO - ============================================================
2026-02-18 13:38:49 - dsld_cleaner - INFO - Ended at: 2026-02-18 13:38:49
2026-02-18 13:38:49 - dsld_cleaner - INFO - Total duration: 0:00:05.655072
2026-02-18 13:38:49 - dsld_cleaner - INFO - Files processed: 22
2026-02-18 13:38:49 - dsld_cleaner - INFO - Success rate: 100.0%
2026-02-18 13:38:49 - dsld_cleaner - INFO - 
2026-02-18 13:38:49 - dsld_cleaner - INFO - Results:
2026-02-18 13:38:49 - dsld_cleaner - INFO -   - Cleaned: 22
2026-02-18 13:38:49 - dsld_cleaner - INFO -   - Needs review: 0
2026-02-18 13:38:49 - dsld_cleaner - INFO -   - Incomplete: 0
2026-02-18 13:38:49 - dsld_cleaner - INFO -   - Errors: 0
2026-02-18 13:38:49 - dsld_cleaner - INFO -   - Unmapped ingredients: 10
2026-02-18 13:38:49 - dsld_cleaner - INFO - 
2026-02-18 13:38:49 - dsld_cleaner - INFO - Output files saved to:
2026-02-18 13:38:49 - dsld_cleaner - INFO -   - Cleaned products: output_hum/cleaned
2026-02-18 13:38:49 - dsld_cleaner - INFO -   - Needs review: output_hum/needs_review
2026-02-18 13:38:49 - dsld_cleaner - INFO -   - Incomplete: output_hum/incomplete
2026-02-18 13:38:49 - dsld_cleaner - INFO -   - Unmapped ingredients: output_hum/unmapped
2026-02-18 13:38:49 - dsld_cleaner - INFO -   - Processing report: output_hum/reports
