2025-11-18 11:43:56 - dsld_cleaner - INFO - ============================================================
2025-11-18 11:43:56 - dsld_cleaner - INFO - DSLD Data Cleaning Pipeline Starting
2025-11-18 11:43:56 - dsld_cleaner - INFO - ============================================================
2025-11-18 11:43:56 - dsld_cleaner - INFO - Started at: 2025-11-18 11:43:56
2025-11-18 11:43:56 - dsld_cleaner - INFO - Validating configuration...
2025-11-18 11:43:56 - dsld_cleaner - INFO - Configuration validation passed
2025-11-18 11:43:57 - dsld_cleaner - ERROR - Pipeline failed: 'list' object has no attribute 'get'
Traceback (most recent call last):
  File "/Users/seancheick/Downloads/dsld_clean/scripts/clean_dsld_data.py", line 235, in run
    summary = processor.process_all_files(files, resume=resume)
  File "/Users/seancheick/Downloads/dsld_clean/scripts/batch_processor.py", line 335, in process_all_files
    self._save_unmapped_ingredients()
  File "/Users/seancheick/Downloads/dsld_clean/scripts/batch_processor.py", line 568, in _save_unmapped_ingredients
    temp_normalizer = EnhancedDSLDNormalizer()
  File "/Users/seancheick/Downloads/dsld_clean/scripts/enhanced_normalizer.py", line 690, in __init__
    self._build_enhanced_indices()
  File "/Users/seancheick/Downloads/dsld_clean/scripts/enhanced_normalizer.py", line 1539, in _build_enhanced_indices
    self._build_fast_lookups_impl()
  File "/Users/seancheick/Downloads/dsld_clean/scripts/enhanced_normalizer.py", line 1176, in _build_fast_lookups_impl
    "category": delivery_data.get("category", "delivery"),
AttributeError: 'list' object has no attribute 'get'
