2026-02-18 03:44:09 - dsld_cleaner - INFO - ============================================================
2026-02-18 03:44:09 - dsld_cleaner - INFO - DSLD Data Cleaning Pipeline Starting
2026-02-18 03:44:09 - dsld_cleaner - INFO - ============================================================
2026-02-18 03:44:09 - dsld_cleaner - INFO - Started at: 2026-02-18 03:44:09
2026-02-18 03:44:09 - dsld_cleaner - INFO - Validating configuration...
2026-02-18 03:44:09 - dsld_cleaner - INFO - Configuration validation passed
2026-02-18 03:55:17 - dsld_cleaner - INFO - ============================================================
2026-02-18 03:55:17 - dsld_cleaner - INFO - PROCESSING COMPLETE
2026-02-18 03:55:17 - dsld_cleaner - INFO - ============================================================
2026-02-18 03:55:17 - dsld_cleaner - INFO - Ended at: 2026-02-18 03:55:17
2026-02-18 03:55:17 - dsld_cleaner - INFO - Total duration: 0:11:08.228214
2026-02-18 03:55:17 - dsld_cleaner - INFO - Files processed: 19416
2026-02-18 03:55:17 - dsld_cleaner - INFO - Success rate: 100.0%
2026-02-18 03:55:17 - dsld_cleaner - INFO - 
2026-02-18 03:55:17 - dsld_cleaner - INFO - Results:
2026-02-18 03:55:17 - dsld_cleaner - INFO -   - Cleaned: 19412
2026-02-18 03:55:17 - dsld_cleaner - INFO -   - Needs review: 0
2026-02-18 03:55:17 - dsld_cleaner - INFO -   - Incomplete: 4
2026-02-18 03:55:17 - dsld_cleaner - INFO -   - Errors: 0
2026-02-18 03:55:17 - dsld_cleaner - INFO -   - Unmapped ingredients: 1482
2026-02-18 03:55:17 - dsld_cleaner - INFO - 
2026-02-18 03:55:17 - dsld_cleaner - INFO - Output files saved to:
2026-02-18 03:55:17 - dsld_cleaner - INFO -   - Cleaned products: output_Softgels/cleaned
2026-02-18 03:55:17 - dsld_cleaner - INFO -   - Needs review: output_Softgels/needs_review
2026-02-18 03:55:17 - dsld_cleaner - INFO -   - Incomplete: output_Softgels/incomplete
2026-02-18 03:55:17 - dsld_cleaner - INFO -   - Unmapped ingredients: output_Softgels/unmapped
2026-02-18 03:55:17 - dsld_cleaner - INFO -   - Processing report: output_Softgels/reports
