2026-01-09 11:22:37 - dsld_cleaner - INFO - ============================================================
2026-01-09 11:22:37 - dsld_cleaner - INFO - DSLD Data Cleaning Pipeline Starting
2026-01-09 11:22:37 - dsld_cleaner - INFO - ============================================================
2026-01-09 11:22:37 - dsld_cleaner - INFO - Started at: 2026-01-09 11:22:37
2026-01-09 11:22:37 - dsld_cleaner - INFO - Validating configuration...
2026-01-09 11:22:37 - dsld_cleaner - INFO - Configuration validation passed
2026-01-09 11:25:01 - dsld_cleaner - INFO - ============================================================
2026-01-09 11:25:01 - dsld_cleaner - INFO - PROCESSING COMPLETE
2026-01-09 11:25:01 - dsld_cleaner - INFO - ============================================================
2026-01-09 11:25:01 - dsld_cleaner - INFO - Ended at: 2026-01-09 11:25:01
2026-01-09 11:25:01 - dsld_cleaner - INFO - Total duration: 0:02:23.861760
2026-01-09 11:25:01 - dsld_cleaner - INFO - Files processed: 4586
2026-01-09 11:25:01 - dsld_cleaner - INFO - Success rate: 100.0%
2026-01-09 11:25:01 - dsld_cleaner - INFO - 
2026-01-09 11:25:01 - dsld_cleaner - INFO - Results:
2026-01-09 11:25:01 - dsld_cleaner - INFO -   - Cleaned: 4586
2026-01-09 11:25:01 - dsld_cleaner - INFO -   - Needs review: 0
2026-01-09 11:25:01 - dsld_cleaner - INFO -   - Incomplete: 0
2026-01-09 11:25:01 - dsld_cleaner - INFO -   - Errors: 0
2026-01-09 11:25:01 - dsld_cleaner - INFO -   - Unmapped ingredients: 13
2026-01-09 11:25:01 - dsld_cleaner - INFO - 
2026-01-09 11:25:01 - dsld_cleaner - INFO - Output files saved to:
2026-01-09 11:25:01 - dsld_cleaner - INFO -   - Cleaned products: output_Gummies/cleaned
2026-01-09 11:25:01 - dsld_cleaner - INFO -   - Needs review: output_Gummies/needs_review
2026-01-09 11:25:01 - dsld_cleaner - INFO -   - Incomplete: output_Gummies/incomplete
2026-01-09 11:25:01 - dsld_cleaner - INFO -   - Unmapped ingredients: output_Gummies/unmapped
2026-01-09 11:25:01 - dsld_cleaner - INFO -   - Processing report: output_Gummies/reports
