2026-01-30 14:45:32 - dsld_cleaner - INFO - ============================================================
2026-01-30 14:45:32 - dsld_cleaner - INFO - DSLD Data Cleaning Pipeline Starting
2026-01-30 14:45:32 - dsld_cleaner - INFO - ============================================================
2026-01-30 14:45:32 - dsld_cleaner - INFO - Started at: 2026-01-30 14:45:32
2026-01-30 14:45:32 - dsld_cleaner - INFO - Validating configuration...
2026-01-30 14:45:32 - dsld_cleaner - INFO - Configuration validation passed
2026-01-30 14:45:33 - dsld_cleaner - INFO - ============================================================
2026-01-30 14:45:33 - dsld_cleaner - INFO - PROCESSING COMPLETE
2026-01-30 14:45:33 - dsld_cleaner - INFO - ============================================================
2026-01-30 14:45:33 - dsld_cleaner - INFO - Ended at: 2026-01-30 14:45:33
2026-01-30 14:45:33 - dsld_cleaner - INFO - Total duration: 0:00:00.884184
2026-01-30 14:45:33 - dsld_cleaner - INFO - Files processed: 4
2026-01-30 14:45:33 - dsld_cleaner - INFO - Success rate: 100.0%
2026-01-30 14:45:33 - dsld_cleaner - INFO - 
2026-01-30 14:45:33 - dsld_cleaner - INFO - Results:
2026-01-30 14:45:33 - dsld_cleaner - INFO -   - Cleaned: 4
2026-01-30 14:45:33 - dsld_cleaner - INFO -   - Needs review: 0
2026-01-30 14:45:33 - dsld_cleaner - INFO -   - Incomplete: 0
2026-01-30 14:45:33 - dsld_cleaner - INFO -   - Errors: 0
2026-01-30 14:45:33 - dsld_cleaner - INFO -   - Unmapped ingredients: 5
2026-01-30 14:45:33 - dsld_cleaner - INFO - 
2026-01-30 14:45:33 - dsld_cleaner - INFO - Output files saved to:
2026-01-30 14:45:33 - dsld_cleaner - INFO -   - Cleaned products: output_test_downloads/cleaned
2026-01-30 14:45:33 - dsld_cleaner - INFO -   - Needs review: output_test_downloads/needs_review
2026-01-30 14:45:33 - dsld_cleaner - INFO -   - Incomplete: output_test_downloads/incomplete
2026-01-30 14:45:33 - dsld_cleaner - INFO -   - Unmapped ingredients: output_test_downloads/unmapped
2026-01-30 14:45:33 - dsld_cleaner - INFO -   - Processing report: output_test_downloads/reports
