2025-11-15 19:41:28 - dsld_cleaner - INFO - ============================================================
2025-11-15 19:41:28 - dsld_cleaner - INFO - DSLD Data Cleaning Pipeline Starting
2025-11-15 19:41:28 - dsld_cleaner - INFO - ============================================================
2025-11-15 19:41:28 - dsld_cleaner - INFO - Started at: 2025-11-15 19:41:28
2025-11-15 19:41:28 - dsld_cleaner - INFO - Validating configuration...
2025-11-15 19:41:28 - dsld_cleaner - INFO - Configuration validation passed
2025-11-15 19:41:29 - dsld_cleaner - ERROR - Pipeline failed: name 'passive' is not defined
Traceback (most recent call last):
  File "/Users/seancheick/Downloads/dsld_clean/scripts/clean_dsld_data.py", line 235, in run
    summary = processor.process_all_files(files, resume=resume)
  File "/Users/seancheick/Downloads/dsld_clean/scripts/batch_processor.py", line 204, in process_all_files
    self._save_unmapped_ingredients()
  File "/Users/seancheick/Downloads/dsld_clean/scripts/batch_processor.py", line 421, in _save_unmapped_ingredients
    temp_normalizer = EnhancedDSLDNormalizer()
  File "/Users/seancheick/Downloads/dsld_clean/scripts/enhanced_normalizer.py", line 696, in __init__
    self._build_enhanced_indices()
  File "/Users/seancheick/Downloads/dsld_clean/scripts/enhanced_normalizer.py", line 1530, in _build_enhanced_indices
    self._build_fast_lookups_impl()
  File "/Users/seancheick/Downloads/dsld_clean/scripts/enhanced_normalizer.py", line 1135, in _build_fast_lookups_impl
    for alias in passive.get("aliases", []) or []:
NameError: name 'passive' is not defined
