2026-01-30 17:24:40 - dsld_cleaner - INFO - ============================================================
2026-01-30 17:24:40 - dsld_cleaner - INFO - DSLD Data Cleaning Pipeline Starting
2026-01-30 17:24:40 - dsld_cleaner - INFO - ============================================================
2026-01-30 17:24:40 - dsld_cleaner - INFO - Started at: 2026-01-30 17:24:40
2026-01-30 17:24:40 - dsld_cleaner - INFO - Validating configuration...
2026-01-30 17:24:40 - dsld_cleaner - INFO - Configuration validation passed
2026-01-30 17:24:41 - dsld_cleaner - INFO - ============================================================
2026-01-30 17:24:41 - dsld_cleaner - INFO - PROCESSING COMPLETE
2026-01-30 17:24:41 - dsld_cleaner - INFO - ============================================================
2026-01-30 17:24:41 - dsld_cleaner - INFO - Ended at: 2026-01-30 17:24:41
2026-01-30 17:24:41 - dsld_cleaner - INFO - Total duration: 0:00:01.052658
2026-01-30 17:24:41 - dsld_cleaner - INFO - Files processed: 4
2026-01-30 17:24:41 - dsld_cleaner - INFO - Success rate: 100.0%
2026-01-30 17:24:41 - dsld_cleaner - INFO - 
2026-01-30 17:24:41 - dsld_cleaner - INFO - Results:
2026-01-30 17:24:41 - dsld_cleaner - INFO -   - Cleaned: 4
2026-01-30 17:24:41 - dsld_cleaner - INFO -   - Needs review: 0
2026-01-30 17:24:41 - dsld_cleaner - INFO -   - Incomplete: 0
2026-01-30 17:24:41 - dsld_cleaner - INFO -   - Errors: 0
2026-01-30 17:24:41 - dsld_cleaner - INFO -   - Unmapped ingredients: 5
2026-01-30 17:24:41 - dsld_cleaner - INFO - 
2026-01-30 17:24:41 - dsld_cleaner - INFO - Output files saved to:
2026-01-30 17:24:41 - dsld_cleaner - INFO -   - Cleaned products: output_test_fix/cleaned
2026-01-30 17:24:41 - dsld_cleaner - INFO -   - Needs review: output_test_fix/needs_review
2026-01-30 17:24:41 - dsld_cleaner - INFO -   - Incomplete: output_test_fix/incomplete
2026-01-30 17:24:41 - dsld_cleaner - INFO -   - Unmapped ingredients: output_test_fix/unmapped
2026-01-30 17:24:41 - dsld_cleaner - INFO -   - Processing report: output_test_fix/reports
