2026-02-16 23:52:10 - dsld_cleaner - INFO - ============================================================
2026-02-16 23:52:10 - dsld_cleaner - INFO - DSLD Data Cleaning Pipeline Starting
2026-02-16 23:52:10 - dsld_cleaner - INFO - ============================================================
2026-02-16 23:52:10 - dsld_cleaner - INFO - Started at: 2026-02-16 23:52:10
2026-02-16 23:52:10 - dsld_cleaner - INFO - Validating configuration...
2026-02-16 23:52:10 - dsld_cleaner - INFO - Configuration validation passed
2026-02-16 23:52:11 - dsld_cleaner - INFO - ============================================================
2026-02-16 23:52:11 - dsld_cleaner - INFO - PROCESSING COMPLETE
2026-02-16 23:52:11 - dsld_cleaner - INFO - ============================================================
2026-02-16 23:52:11 - dsld_cleaner - INFO - Ended at: 2026-02-16 23:52:11
2026-02-16 23:52:11 - dsld_cleaner - INFO - Total duration: 0:00:00.796248
2026-02-16 23:52:11 - dsld_cleaner - INFO - Files processed: 50
2026-02-16 23:52:11 - dsld_cleaner - INFO - Success rate: 0.0%
2026-02-16 23:52:11 - dsld_cleaner - INFO - 
2026-02-16 23:52:11 - dsld_cleaner - INFO - Results:
2026-02-16 23:52:11 - dsld_cleaner - INFO -   - Cleaned: 0
2026-02-16 23:52:11 - dsld_cleaner - INFO -   - Needs review: 0
2026-02-16 23:52:11 - dsld_cleaner - INFO -   - Incomplete: 50
2026-02-16 23:52:11 - dsld_cleaner - INFO -   - Errors: 0
2026-02-16 23:52:11 - dsld_cleaner - INFO -   - Unmapped ingredients: 0
2026-02-16 23:52:11 - dsld_cleaner - INFO - 
2026-02-16 23:52:11 - dsld_cleaner - INFO - Output files saved to:
2026-02-16 23:52:11 - dsld_cleaner - INFO -   - Cleaned products: output_remediation_smoke/cleaned
2026-02-16 23:52:11 - dsld_cleaner - INFO -   - Needs review: output_remediation_smoke/needs_review
2026-02-16 23:52:11 - dsld_cleaner - INFO -   - Incomplete: output_remediation_smoke/incomplete
2026-02-16 23:52:11 - dsld_cleaner - INFO -   - Unmapped ingredients: output_remediation_smoke/unmapped
2026-02-16 23:52:11 - dsld_cleaner - INFO -   - Processing report: output_remediation_smoke/reports
