2025-11-17 17:10:56 - dsld_cleaner - INFO - ============================================================
2025-11-17 17:10:56 - dsld_cleaner - INFO - DSLD Data Cleaning Pipeline Starting
2025-11-17 17:10:56 - dsld_cleaner - INFO - ============================================================
2025-11-17 17:10:56 - dsld_cleaner - INFO - Started at: 2025-11-17 17:10:56
2025-11-17 17:10:56 - dsld_cleaner - INFO - Validating configuration...
2025-11-17 17:10:56 - dsld_cleaner - INFO - Configuration validation passed
2025-11-17 17:11:07 - dsld_cleaner - INFO - ============================================================
2025-11-17 17:11:07 - dsld_cleaner - INFO - PROCESSING COMPLETE
2025-11-17 17:11:07 - dsld_cleaner - INFO - ============================================================
2025-11-17 17:11:07 - dsld_cleaner - INFO - Ended at: 2025-11-17 17:11:07
2025-11-17 17:11:07 - dsld_cleaner - INFO - Total duration: 0:00:10.690040
2025-11-17 17:11:07 - dsld_cleaner - INFO - Files processed: 978
2025-11-17 17:11:07 - dsld_cleaner - INFO - Success rate: 100.0%
2025-11-17 17:11:07 - dsld_cleaner - INFO - 
2025-11-17 17:11:07 - dsld_cleaner - INFO - Results:
2025-11-17 17:11:07 - dsld_cleaner - INFO -   - Cleaned: 978
2025-11-17 17:11:07 - dsld_cleaner - INFO -   - Needs review: 0
2025-11-17 17:11:07 - dsld_cleaner - INFO -   - Incomplete: 0
2025-11-17 17:11:07 - dsld_cleaner - INFO -   - Errors: 0
2025-11-17 17:11:07 - dsld_cleaner - INFO -   - Unmapped ingredients: 1
2025-11-17 17:11:07 - dsld_cleaner - INFO - 
2025-11-17 17:11:07 - dsld_cleaner - INFO - Output files saved to:
2025-11-17 17:11:07 - dsld_cleaner - INFO -   - Cleaned products: output_Lozenges/cleaned
2025-11-17 17:11:07 - dsld_cleaner - INFO -   - Needs review: output_Lozenges/needs_review
2025-11-17 17:11:07 - dsld_cleaner - INFO -   - Incomplete: output_Lozenges/incomplete
2025-11-17 17:11:07 - dsld_cleaner - INFO -   - Unmapped ingredients: output_Lozenges/unmapped
2025-11-17 17:11:07 - dsld_cleaner - INFO -   - Processing report: output_Lozenges/reports
